<?xml version="1.0" encoding="UTF-8"?>
<coverage generated="1632376069498" clover="3.2.0">
  <project timestamp="1632376069499" name="All files">
    <metrics statements="19" coveredstatements="5" conditionals="10" coveredconditionals="0" methods="5" coveredmethods="0" elements="34" coveredelements="5" complexity="0" loc="19" ncloc="19" packages="1" files="1" classes="1"/>
    <file name="main.js" path="C:\Users\vladi\OneDrive\Tendencia de desarrollo\KataAnagram\main.js">
      <metrics statements="19" coveredstatements="5" conditionals="10" coveredconditionals="0" methods="5" coveredmethods="0"/>
      <line num="9" count="1" type="stmt"/>
      <line num="10" count="0" type="stmt"/>
      <line num="11" count="0" type="stmt"/>
      <line num="15" count="1" type="stmt"/>
      <line num="19" count="0" type="cond" truecount="0" falsecount="4"/>
      <line num="20" count="0" type="stmt"/>
      <line num="23" count="0" type="cond" truecount="0" falsecount="4"/>
      <line num="24" count="0" type="stmt"/>
      <line num="27" count="0" type="stmt"/>
      <line num="32" count="1" type="stmt"/>
      <line num="34" count="0" type="stmt"/>
      <line num="35" count="0" type="stmt"/>
      <line num="37" count="0" type="cond" truecount="0" falsecount="2"/>
      <line num="38" count="0" type="stmt"/>
      <line num="41" count="0" type="stmt"/>
      <line num="45" count="0" type="stmt"/>
      <line num="48" count="1" type="stmt"/>
      <line num="49" count="0" type="stmt"/>
      <line num="55" count="1" type="stmt"/>
    </file>
  </project>
</coverage>
